<?xml version="1.0" encoding="UTF-8"?>
<!-- Generated by org.testng.reporters.JUnitXMLReporter -->
<testsuite ignored="0" hostname="UpendarSankoju" failures="0" tests="3" name="edgetest" time="14.118" errors="0" timestamp="2024-11-23T16:35:36 IST">
  <testcase classname="TestNG_FrameWork_DataProvider.TestNG_FrameWork_ParaMeter" name="testLogo" time="0.052"/>
  <testcase classname="TestNG_FrameWork_DataProvider.TestNG_FrameWork_ParaMeter" name="testTitle" time="0.016"/>
  <testcase classname="TestNG_FrameWork_DataProvider.TestNG_FrameWork_ParaMeter" name="testURL" time="0.014"/>
</testsuite> <!-- edgetest -->
