<?xml version="1.0" encoding="UTF-8"?>
<testng-results ignored="0" total="1" passed="1" failed="0" skipped="0">
  <reporter-output>
  </reporter-output>
  <suite started-at="2024-11-27T05:54:35 IST" name="Suite" finished-at="2024-11-27T05:54:52 IST" duration-ms="16773">
    <groups>
    </groups>
    <test started-at="2024-11-27T05:54:35 IST" name="Test" finished-at="2024-11-27T05:54:52 IST" duration-ms="16773">
      <class name="Page_Object_Model.Login_Page_TestCase">
        <test-method is-config="true" signature="setup()[pri:0, instance:Page_Object_Model.Login_Page_TestCase@7c7b252e]" started-at="2024-11-27T05:54:35 IST" name="setup" finished-at="2024-11-27T05:54:45 IST" duration-ms="9313" status="PASS">
          <reporter-output>
          </reporter-output>
        </test-method> <!-- setup -->
        <test-method signature="testLogin()[pri:0, instance:Page_Object_Model.Login_Page_TestCase@7c7b252e]" started-at="2024-11-27T05:54:45 IST" name="testLogin" finished-at="2024-11-27T05:54:52 IST" duration-ms="7072" status="PASS">
          <reporter-output>
          </reporter-output>
        </test-method> <!-- testLogin -->
        <test-method is-config="true" signature="tearDown()[pri:0, instance:Page_Object_Model.Login_Page_TestCase@7c7b252e]" started-at="2024-11-27T05:54:52 IST" name="tearDown" finished-at="2024-11-27T05:54:52 IST" duration-ms="329" status="PASS">
          <reporter-output>
          </reporter-output>
        </test-method> <!-- tearDown -->
      </class> <!-- Page_Object_Model.Login_Page_TestCase -->
    </test> <!-- Test -->
  </suite> <!-- Suite -->
</testng-results>
